<?xml version="1.0" encoding="UTF-8"?>
<robot generator="Robot 2.9 (Jython 2.7.0 on java1.8.0_45)" generated="20160131 12:05:41.076">
<suite source="C:\Users\Colby\Desktop\Software1class\Assignment1\tic-tac-toe\acceptance\TicTacToeGUITests.txt" name="TicTacToeGUITests" id="s1">
<test name="Win Diagonally as X" id="s1-t1">
<kw name="Start New Game">
<kw library="SwingLibrary" name="Start Application">
<doc>Alias for `Launch Application` keyword</doc>
<arguments>
<arg>edu.jsu.mcis.GameBoard</arg>
</arguments>
<status endtime="20160131 12:05:44.867" starttime="20160131 12:05:44.711" status="PASS"></status>
</kw>
<kw library="SwingLibrary" name="Select Window">
<doc>Selects a window as current context and sets focus to it.</doc>
<arguments>
<arg>Tic-Tac-Toe</arg>
</arguments>
<status endtime="20160131 12:05:46.443" starttime="20160131 12:05:44.883" status="PASS"></status>
</kw>
<status endtime="20160131 12:05:46.458" starttime="20160131 12:05:44.696" status="PASS"></status>
</kw>
<kw name="Mark Location">
<arguments>
<arg>1</arg>
<arg>1</arg>
</arguments>
<kw library="BuiltIn" name="Catenate">
<doc>Catenates the given items together and returns the resulted string.</doc>
<arguments>
<arg>SEPARATOR=</arg>
<arg>Location</arg>
<arg>${row}</arg>
<arg>${col}</arg>
</arguments>
<assign>
<var>${component}</var>
</assign>
<msg level="INFO" timestamp="20160131 12:05:46.490">${component} = Location11</msg>
<status endtime="20160131 12:05:46.490" starttime="20160131 12:05:46.474" status="PASS"></status>
</kw>
<kw library="SwingLibrary" name="Click On Component">
<doc>Clicks on a component.</doc>
<arguments>
<arg>${component}</arg>
</arguments>
<msg level="FAIL" timestamp="20160131 12:05:56.630">Wait for "Location11" subcomponent to be displayed</msg>
<status endtime="20160131 12:05:56.630" starttime="20160131 12:05:46.490" status="FAIL"></status>
</kw>
<status endtime="20160131 12:05:56.645" starttime="20160131 12:05:46.458" status="FAIL"></status>
</kw>
<status critical="yes" endtime="20160131 12:05:56.645" starttime="20160131 12:05:44.680" status="FAIL">Wait for "Location11" subcomponent to be displayed</status>
</test>
<test name="Win Horizontally as O" id="s1-t2">
<kw name="Start New Game">
<kw library="SwingLibrary" name="Start Application">
<doc>Alias for `Launch Application` keyword</doc>
<arguments>
<arg>edu.jsu.mcis.GameBoard</arg>
</arguments>
<status endtime="20160131 12:05:56.770" starttime="20160131 12:05:56.723" status="PASS"></status>
</kw>
<kw library="SwingLibrary" name="Select Window">
<doc>Selects a window as current context and sets focus to it.</doc>
<arguments>
<arg>Tic-Tac-Toe</arg>
</arguments>
<status endtime="20160131 12:05:56.848" starttime="20160131 12:05:56.786" status="PASS"></status>
</kw>
<status endtime="20160131 12:05:56.848" starttime="20160131 12:05:56.708" status="PASS"></status>
</kw>
<kw name="Mark Location">
<arguments>
<arg>1</arg>
<arg>1</arg>
</arguments>
<kw library="BuiltIn" name="Catenate">
<doc>Catenates the given items together and returns the resulted string.</doc>
<arguments>
<arg>SEPARATOR=</arg>
<arg>Location</arg>
<arg>${row}</arg>
<arg>${col}</arg>
</arguments>
<assign>
<var>${component}</var>
</assign>
<msg level="INFO" timestamp="20160131 12:05:56.926">${component} = Location11</msg>
<status endtime="20160131 12:05:56.926" starttime="20160131 12:05:56.910" status="PASS"></status>
</kw>
<kw library="SwingLibrary" name="Click On Component">
<doc>Clicks on a component.</doc>
<arguments>
<arg>${component}</arg>
</arguments>
<msg level="FAIL" timestamp="20160131 12:06:07.035">Wait for "Location11" subcomponent to be displayed</msg>
<status endtime="20160131 12:06:07.035" starttime="20160131 12:05:56.926" status="FAIL"></status>
</kw>
<status endtime="20160131 12:06:07.035" starttime="20160131 12:05:56.864" status="FAIL"></status>
</kw>
<status critical="yes" endtime="20160131 12:06:07.066" starttime="20160131 12:05:56.708" status="FAIL">Wait for "Location11" subcomponent to be displayed</status>
</test>
<test name="Force a Tie" id="s1-t3">
<kw name="Start New Game">
<kw library="SwingLibrary" name="Start Application">
<doc>Alias for `Launch Application` keyword</doc>
<arguments>
<arg>edu.jsu.mcis.GameBoard</arg>
</arguments>
<status endtime="20160131 12:06:07.144" starttime="20160131 12:06:07.082" status="PASS"></status>
</kw>
<kw library="SwingLibrary" name="Select Window">
<doc>Selects a window as current context and sets focus to it.</doc>
<arguments>
<arg>Tic-Tac-Toe</arg>
</arguments>
<status endtime="20160131 12:06:07.160" starttime="20160131 12:06:07.144" status="PASS"></status>
</kw>
<status endtime="20160131 12:06:07.207" starttime="20160131 12:06:07.082" status="PASS"></status>
</kw>
<kw name="Mark Location">
<arguments>
<arg>1</arg>
<arg>1</arg>
</arguments>
<kw library="BuiltIn" name="Catenate">
<doc>Catenates the given items together and returns the resulted string.</doc>
<arguments>
<arg>SEPARATOR=</arg>
<arg>Location</arg>
<arg>${row}</arg>
<arg>${col}</arg>
</arguments>
<assign>
<var>${component}</var>
</assign>
<msg level="INFO" timestamp="20160131 12:06:07.269">${component} = Location11</msg>
<status endtime="20160131 12:06:07.269" starttime="20160131 12:06:07.222" status="PASS"></status>
</kw>
<kw library="SwingLibrary" name="Click On Component">
<doc>Clicks on a component.</doc>
<arguments>
<arg>${component}</arg>
</arguments>
